# JRE version: OpenJDK Runtime Environment Temurin-17.0.5+8 (17.0.5+8) (build 17.0.5+8)
# Java VM: OpenJDK 64-Bit Server VM Temurin-17.0.5+8 (17.0.5+8, mixed mode, tiered, compressed oops, compressed class ptrs, g1 gc, windows-amd64)
GC Precious Log:
 CPUs: 4 total, 4 available
 Memory: 4002M
 Large Page Support: Disabled
 NUMA Support: Disabled
 Compressed Oops: Enabled (32-bit)
 Heap Region Size: 1M
 Heap Min Capacity: 8M
 Heap Initial Capacity: 64M
 Heap Max Capacity: 1002M
 Pre-touch: Disabled
 Parallel Workers: 4
 Concurrent Workers: 1
 Concurrent Refinement Workers: 4
 Periodic GC: Disabled
Heap:
 garbage-first heap   total 37888K, used 18324K [0x00000000c1600000, 0x0000000100000000)
  region size 1024K, 3 young (3072K), 2 survivors (2048K)
 Metaspace       used 44202K, committed 44544K, reserved 1089536K
  class space    used 5187K, committed 5376K, reserved 1048576K
GC Heap History (20 events):
Event: 25.372 GC heap before
{Heap before GC invocations=3 (full 0):
 garbage-first heap   total 65536K, used 10390K [0x00000000c1600000, 0x0000000100000000)
  region size 1024K, 6 young (6144K), 3 survivors (3072K)
 Metaspace       used 21331K, committed 21504K, reserved 1073152K
  class space    used 2279K, committed 2368K, reserved 1048576K
}
Event: 25.386 GC heap after
{Heap after GC invocations=4 (full 0):
 garbage-first heap   total 65536K, used 8631K [0x00000000c1600000, 0x0000000100000000)
  region size 1024K, 3 young (3072K), 3 survivors (3072K)
 Metaspace       used 21331K, committed 21504K, reserved 1073152K
  class space    used 2279K, committed 2368K, reserved 1048576K
}
Event: 30.506 GC heap before
{Heap before GC invocations=5 (full 0):
 garbage-first heap   total 37888K, used 28087K [0x00000000c1600000, 0x0000000100000000)
  region size 1024K, 22 young (22528K), 3 survivors (3072K)
 Metaspace       used 24865K, committed 25152K, reserved 1073152K
  class space    used 2746K, committed 2880K, reserved 1048576K
}
Event: 30.512 GC heap after
{Heap after GC invocations=6 (full 0):
 garbage-first heap   total 37888K, used 10243K [0x00000000c1600000, 0x0000000100000000)
  region size 1024K, 2 young (2048K), 2 survivors (2048K)
 Metaspace       used 24865K, committed 25152K, reserved 1073152K
  class space    used 2746K, committed 2880K, reserved 1048576K
}
Event: 30.731 GC heap before
{Heap before GC invocations=6 (full 0):
 garbage-first heap   total 37888K, used 11267K [0x00000000c1600000, 0x0000000100000000)
  region size 1024K, 3 young (3072K), 2 survivors (2048K)
 Metaspace       used 24954K, committed 25216K, reserved 1073152K
  class space    used 2754K, committed 2880K, reserved 1048576K
}
Event: 30.734 GC heap after
{Heap after GC invocations=7 (full 0):
 garbage-first heap   total 37888K, used 10168K [0x00000000c1600000, 0x0000000100000000)
  region size 1024K, 1 young (1024K), 1 survivors (1024K)
 Metaspace       used 24954K, committed 25216K, reserved 1073152K
  class space    used 2754K, committed 2880K, reserved 1048576K
}
Event: 33.690 GC heap before
{Heap before GC invocations=7 (full 0):
 garbage-first heap   total 37888K, used 24504K [0x00000000c1600000, 0x0000000100000000)
  region size 1024K, 15 young (15360K), 1 survivors (1024K)
 Metaspace       used 26314K, committed 26560K, reserved 1073152K
  class space    used 2921K, committed 3008K, reserved 1048576K
}
Event: 33.694 GC heap after
{Heap after GC invocations=8 (full 0):
 garbage-first heap   total 37888K, used 10863K [0x00000000c1600000, 0x0000000100000000)
  region size 1024K, 2 young (2048K), 2 survivors (2048K)
 Metaspace       used 26314K, committed 26560K, reserved 1073152K
  class space    used 2921K, committed 3008K, reserved 1048576K
}
Event: 38.779 GC heap before
{Heap before GC invocations=9 (full 0):
 garbage-first heap   total 37888K, used 25199K [0x00000000c1600000, 0x0000000100000000)
  region size 1024K, 17 young (17408K), 2 survivors (2048K)
 Metaspace       used 28406K, committed 28736K, reserved 1081344K
  class space    used 3204K, committed 3328K, reserved 1048576K
}
Event: 38.782 GC heap after
{Heap after GC invocations=10 (full 0):
 garbage-first heap   total 37888K, used 11949K [0x00000000c1600000, 0x0000000100000000)
  region size 1024K, 3 young (3072K), 3 survivors (3072K)
 Metaspace       used 28406K, committed 28736K, reserved 1081344K
  class space    used 3204K, committed 3328K, reserved 1048576K
}
Event: 47.441 GC heap before
{Heap before GC invocations=10 (full 0):
 garbage-first heap   total 37888K, used 26285K [0x00000000c1600000, 0x0000000100000000)
  region size 1024K, 17 young (17408K), 3 survivors (3072K)
 Metaspace       used 31327K, committed 31616K, reserved 1081344K
  class space    used 3619K, committed 3776K, reserved 1048576K
}
Event: 47.446 GC heap after
{Heap after GC invocations=11 (full 0):
 garbage-first heap   total 37888K, used 13475K [0x00000000c1600000, 0x0000000100000000)
  region size 1024K, 3 young (3072K), 3 survivors (3072K)
 Metaspace       used 31327K, committed 31616K, reserved 1081344K
  class space    used 3619K, committed 3776K, reserved 1048576K
}
Event: 75.088 GC heap before
{Heap before GC invocations=11 (full 0):
 garbage-first heap   total 37888K, used 25763K [0x00000000c1600000, 0x0000000100000000)
  region size 1024K, 16 young (16384K), 3 survivors (3072K)
 Metaspace       used 34614K, committed 34944K, reserved 1081344K
  class space    used 4037K, committed 4160K, reserved 1048576K
}
Event: 75.093 GC heap after
{Heap after GC invocations=12 (full 0):
 garbage-first heap   total 37888K, used 15435K [0x00000000c1600000, 0x0000000100000000)
  region size 1024K, 2 young (2048K), 2 survivors (2048K)
 Metaspace       used 34614K, committed 34944K, reserved 1081344K
  class space    used 4037K, committed 4160K, reserved 1048576K
}
Event: 78.389 GC heap before
{Heap before GC invocations=12 (full 0):
 garbage-first heap   total 37888K, used 27723K [0x00000000c1600000, 0x0000000100000000)
  region size 1024K, 14 young (14336K), 2 survivors (2048K)
 Metaspace       used 36120K, committed 36544K, reserved 1081344K
  class space    used 4203K, committed 4416K, reserved 1048576K
}
Event: 78.400 GC heap after
{Heap after GC invocations=13 (full 0):
 garbage-first heap   total 37888K, used 16459K [0x00000000c1600000, 0x0000000100000000)
  region size 1024K, 1 young (1024K), 1 survivors (1024K)
 Metaspace       used 36120K, committed 36544K, reserved 1081344K
  class space    used 4203K, committed 4416K, reserved 1048576K
}
Event: 81.616 GC heap before
{Heap before GC invocations=13 (full 0):
 garbage-first heap   total 37888K, used 27723K [0x00000000c1600000, 0x0000000100000000)
  region size 1024K, 12 young (12288K), 1 survivors (1024K)
 Metaspace       used 38237K, committed 38592K, reserved 1089536K
  class space    used 4470K, committed 4608K, reserved 1048576K
}
Event: 81.619 GC heap after
{Heap after GC invocations=14 (full 0):
 garbage-first heap   total 37888K, used 17144K [0x00000000c1600000, 0x0000000100000000)
  region size 1024K, 2 young (2048K), 2 survivors (2048K)
 Metaspace       used 38237K, committed 38592K, reserved 1089536K
  class space    used 4470K, committed 4608K, reserved 1048576K
}
Event: 83.009 GC heap before
{Heap before GC invocations=14 (full 0):
 garbage-first heap   total 37888K, used 25336K [0x00000000c1600000, 0x0000000100000000)
  region size 1024K, 11 young (11264K), 2 survivors (2048K)
 Metaspace       used 43953K, committed 44288K, reserved 1089536K
  class space    used 5153K, committed 5312K, reserved 1048576K
}
Event: 83.015 GC heap after
{Heap after GC invocations=15 (full 0):
 garbage-first heap   total 37888K, used 18324K [0x00000000c1600000, 0x0000000100000000)
  region size 1024K, 2 young (2048K), 2 survivors (2048K)
 Metaspace       used 43953K, committed 44288K, reserved 1089536K
  class space    used 5153K, committed 5312K, reserved 1048576K
}

